[0918/170454.864:ERROR:process_info.cc(632)] range at 0xb7bd276e00000000, size 0x16d fully unreadable
[0918/170454.865:ERROR:process_info.cc(632)] range at 0xb7bd278e00000000, size 0x16d fully unreadable
[0918/170454.865:ERROR:process_info.cc(632)] range at 0x0, size 0x16d fully unreadable
[0918/170455.147:ERROR:http_transport_win.cc(170)] WinHttpCrackUrl: L’URL n’utilise pas un protocole reconnu  (0x2ee6)
[0919/113950.985:ERROR:process_info.cc(632)] range at 0x9457271a00000000, size 0x24f fully unreadable
[0919/113950.985:ERROR:process_info.cc(632)] range at 0x9457273a00000000, size 0x24f fully unreadable
[0919/113950.985:ERROR:process_info.cc(632)] range at 0x0, size 0x24f fully unreadable
[0919/113951.280:ERROR:http_transport_win.cc(170)] WinHttpCrackUrl: L’URL n’utilise pas un protocole reconnu  (0x2ee6)
[0919/113951.587:ERROR:process_info.cc(632)] range at 0x2817366000000000, size 0x18a fully unreadable
[0919/113951.587:ERROR:process_info.cc(632)] range at 0x2817368000000000, size 0x18a fully unreadable
[0919/113951.587:ERROR:process_info.cc(632)] range at 0x0, size 0x18a fully unreadable
[0919/113951.650:ERROR:http_transport_win.cc(170)] WinHttpCrackUrl: L’URL n’utilise pas un protocole reconnu  (0x2ee6)
[0919/143014.979:ERROR:process_info.cc(632)] range at 0xf901365e00000000, size 0x292 fully unreadable
[0919/143014.982:ERROR:process_info.cc(632)] range at 0xf901367e00000000, size 0x292 fully unreadable
[0919/143014.982:ERROR:process_info.cc(632)] range at 0x0, size 0x292 fully unreadable
[0919/143015.596:ERROR:http_transport_win.cc(170)] WinHttpCrackUrl: L’URL n’utilise pas un protocole reconnu  (0x2ee6)
[0919/150004.982:ERROR:process_info.cc(632)] range at 0xf3ae35ac00000000, size 0x276 fully unreadable
[0919/150004.983:ERROR:process_info.cc(632)] range at 0xf3ae35cc00000000, size 0x276 fully unreadable
[0919/150004.983:ERROR:process_info.cc(632)] range at 0x0, size 0x276 fully unreadable
[0919/150005.113:ERROR:http_transport_win.cc(170)] WinHttpCrackUrl: L’URL n’utilise pas un protocole reconnu  (0x2ee6)
[0926/121129.662:ERROR:registration_protocol_win.cc(56)] CreateFile: Le fichier spécifié est introuvable. (0x2)
[0928/152425.097:ERROR:gpu_child_thread.cc(252)] Exiting GPU process due to errors during initialization
[0928/152435.104:ERROR:gpu_child_thread.cc(252)] Exiting GPU process due to errors during initialization
[0928/152455.912:ERROR:gpu_child_thread.cc(252)] Exiting GPU process due to errors during initialization
[1004/140630.165:ERROR:process_info.cc(632)] range at 0x129f36da00000000, size 0x23a fully unreadable
[1004/140630.167:ERROR:process_info.cc(632)] range at 0x129f36fa00000000, size 0x23a fully unreadable
[1004/140630.167:ERROR:process_info.cc(632)] range at 0x0, size 0x23a fully unreadable
[1004/140630.570:ERROR:http_transport_win.cc(170)] WinHttpCrackUrl: L’URL n’utilise pas un protocole reconnu  (0x2ee6)
[1004/140630.882:ERROR:process_info.cc(632)] range at 0x864736dc00000000, size 0x1ce fully unreadable
[1004/140630.882:ERROR:process_info.cc(632)] range at 0x864736fc00000000, size 0x1ce fully unreadable
[1004/140630.882:ERROR:process_info.cc(632)] range at 0x0, size 0x1ce fully unreadable
[1004/140630.979:ERROR:http_transport_win.cc(170)] WinHttpCrackUrl: L’URL n’utilise pas un protocole reconnu  (0x2ee6)
[1004/140854.742:ERROR:process_info.cc(632)] range at 0x8cd536dc00000000, size 0x2d6 fully unreadable
[1004/140854.744:ERROR:process_info.cc(632)] range at 0x8cd536fc00000000, size 0x2d6 fully unreadable
[1004/140854.744:ERROR:process_info.cc(632)] range at 0x0, size 0x2d6 fully unreadable
[1004/140854.893:ERROR:http_transport_win.cc(170)] WinHttpCrackUrl: L’URL n’utilise pas un protocole reconnu  (0x2ee6)
[1004/164941.227:ERROR:process_info.cc(632)] range at 0x1c2b36b400000000, size 0x1d2 fully unreadable
[1004/164941.229:ERROR:process_info.cc(632)] range at 0x1c2b36d400000000, size 0x1d2 fully unreadable
[1004/164941.229:ERROR:process_info.cc(632)] range at 0x0, size 0x1d2 fully unreadable
[1004/164941.285:ERROR:process_info.cc(380)] UncheckedAllocate
[1004/164941.347:ERROR:http_transport_win.cc(170)] WinHttpCrackUrl: L’URL n’utilise pas un protocole reconnu  (0x2ee6)
[1004/164941.376:ERROR:process_info.cc(632)] range at 0xd8732e7600000000, size 0x1f7 fully unreadable
[1004/164941.376:ERROR:process_info.cc(632)] range at 0xd8732e9600000000, size 0x1f7 fully unreadable
[1004/164941.376:ERROR:process_info.cc(632)] range at 0x0, size 0x1f7 fully unreadable
[1004/164941.694:ERROR:http_transport_win.cc(170)] WinHttpCrackUrl: L’URL n’utilise pas un protocole reconnu  (0x2ee6)
[1004/165114.267:ERROR:process_info.cc(632)] range at 0x2d0278a00000000, size 0x248 fully unreadable
[1004/165114.271:ERROR:process_info.cc(632)] range at 0x2d027aa00000000, size 0x248 fully unreadable
[1004/165114.271:ERROR:process_info.cc(632)] range at 0x0, size 0x248 fully unreadable
[1004/165114.663:ERROR:process_info.cc(632)] range at 0x7a9e36de00000000, size 0x2f1 fully unreadable
[1004/165114.663:ERROR:process_info.cc(632)] range at 0x7a9e36fe00000000, size 0x2f1 fully unreadable
[1004/165114.663:ERROR:process_info.cc(632)] range at 0x0, size 0x2f1 fully unreadable
[1004/165114.779:ERROR:process_info.cc(632)] range at 0x69e136dc00000000, size 0x184 fully unreadable
[1004/165114.780:ERROR:process_info.cc(632)] range at 0x69e136fc00000000, size 0x184 fully unreadable
[1004/165114.780:ERROR:process_info.cc(632)] range at 0x0, size 0x184 fully unreadable
[1004/165114.784:ERROR:http_transport_win.cc(170)] WinHttpCrackUrl: L’URL n’utilise pas un protocole reconnu  (0x2ee6)
[1004/165114.792:ERROR:http_transport_win.cc(170)] WinHttpCrackUrl: L’URL n’utilise pas un protocole reconnu  (0x2ee6)
[1004/165114.901:ERROR:http_transport_win.cc(170)] WinHttpCrackUrl: L’URL n’utilise pas un protocole reconnu  (0x2ee6)
[1006/104404.244:ERROR:process_info.cc(632)] range at 0xb20f362c00000000, size 0x1a2 fully unreadable
[1006/104404.244:ERROR:process_info.cc(632)] range at 0xb20f364c00000000, size 0x1a2 fully unreadable
[1006/104404.244:ERROR:process_info.cc(632)] range at 0x0, size 0x1a2 fully unreadable
[1006/104404.310:ERROR:http_transport_win.cc(170)] WinHttpCrackUrl: L’URL n’utilise pas un protocole reconnu  (0x2ee6)
[1006/110057.209:ERROR:process_info.cc(632)] range at 0x5d5136de00000000, size 0x21d fully unreadable
[1006/110057.210:ERROR:process_info.cc(632)] range at 0x5d5136fe00000000, size 0x21d fully unreadable
[1006/110057.210:ERROR:process_info.cc(632)] range at 0x0, size 0x21d fully unreadable
[1006/110057.282:ERROR:http_transport_win.cc(170)] WinHttpCrackUrl: L’URL n’utilise pas un protocole reconnu  (0x2ee6)
[1006/112326.711:ERROR:process_info.cc(632)] range at 0x63d0361e00000000, size 0x261 fully unreadable
[1006/112326.712:ERROR:process_info.cc(632)] range at 0x63d0363e00000000, size 0x261 fully unreadable
[1006/112326.712:ERROR:process_info.cc(632)] range at 0x0, size 0x261 fully unreadable
[1006/112326.942:ERROR:http_transport_win.cc(170)] WinHttpCrackUrl: L’URL n’utilise pas un protocole reconnu  (0x2ee6)
[1006/112549.355:ERROR:process_info.cc(632)] range at 0xa0bb36de00000000, size 0x1d0 fully unreadable
[1006/112549.355:ERROR:process_info.cc(632)] range at 0xa0bb36fe00000000, size 0x1d0 fully unreadable
[1006/112549.355:ERROR:process_info.cc(632)] range at 0x0, size 0x1d0 fully unreadable
[1006/112549.482:ERROR:http_transport_win.cc(170)] WinHttpCrackUrl: L’URL n’utilise pas un protocole reconnu  (0x2ee6)
[1006/112907.811:ERROR:process_info.cc(632)] range at 0x2218278a00000000, size 0x1c7 fully unreadable
[1006/112907.812:ERROR:process_info.cc(632)] range at 0x221827aa00000000, size 0x1c7 fully unreadable
[1006/112907.812:ERROR:process_info.cc(632)] range at 0x0, size 0x1c7 fully unreadable
[1006/112908.090:ERROR:http_transport_win.cc(170)] WinHttpCrackUrl: L’URL n’utilise pas un protocole reconnu  (0x2ee6)
[1006/113016.547:ERROR:process_info.cc(632)] range at 0x1cc8278a00000000, size 0x175 fully unreadable
[1006/113016.547:ERROR:process_info.cc(632)] range at 0x1cc827aa00000000, size 0x175 fully unreadable
[1006/113016.547:ERROR:process_info.cc(632)] range at 0x0, size 0x175 fully unreadable
[1006/113016.834:ERROR:http_transport_win.cc(170)] WinHttpCrackUrl: L’URL n’utilise pas un protocole reconnu  (0x2ee6)
[1006/113026.321:ERROR:process_info.cc(632)] range at 0xac2c361c00000000, size 0x245 fully unreadable
[1006/113026.321:ERROR:process_info.cc(632)] range at 0xac2c363c00000000, size 0x245 fully unreadable
[1006/113026.321:ERROR:process_info.cc(632)] range at 0x0, size 0x245 fully unreadable
[1006/113026.486:ERROR:http_transport_win.cc(170)] WinHttpCrackUrl: L’URL n’utilise pas un protocole reconnu  (0x2ee6)
[1006/121003.209:ERROR:process_info.cc(632)] range at 0x14e636de00000000, size 0x203 fully unreadable
[1006/121003.212:ERROR:process_info.cc(632)] range at 0x14e636fe00000000, size 0x203 fully unreadable
[1006/121003.213:ERROR:process_info.cc(632)] range at 0x0, size 0x203 fully unreadable
[1006/121004.243:ERROR:http_transport_win.cc(170)] WinHttpCrackUrl: L’URL n’utilise pas un protocole reconnu  (0x2ee6)
[1006/122450.708:ERROR:process_info.cc(632)] range at 0x5f9836dc00000000, size 0x1c8 fully unreadable
[1006/122450.712:ERROR:process_info.cc(632)] range at 0x5f9836fc00000000, size 0x1c8 fully unreadable
[1006/122450.713:ERROR:process_info.cc(632)] range at 0x0, size 0x1c8 fully unreadable
[1006/122451.692:ERROR:http_transport_win.cc(170)] WinHttpCrackUrl: L’URL n’utilise pas un protocole reconnu  (0x2ee6)
[1006/134750.788:ERROR:registration_protocol_win.cc(56)] CreateFile: Le fichier spécifié est introuvable. (0x2)
[1006/141847.187:ERROR:process_info.cc(632)] range at 0x6e6036de00000000, size 0x1f9 fully unreadable
[1006/141847.191:ERROR:process_info.cc(632)] range at 0x6e6036fe00000000, size 0x1f9 fully unreadable
[1006/141847.191:ERROR:process_info.cc(632)] range at 0x0, size 0x1f9 fully unreadable
[1006/141848.091:ERROR:http_transport_win.cc(170)] WinHttpCrackUrl: L’URL n’utilise pas un protocole reconnu  (0x2ee6)
[1011/142143.286:ERROR:process_info.cc(632)] range at 0x906235aa00000000, size 0x1de fully unreadable
[1011/142143.287:ERROR:process_info.cc(632)] range at 0x906235ca00000000, size 0x1de fully unreadable
[1011/142143.287:ERROR:process_info.cc(632)] range at 0x0, size 0x1de fully unreadable
[1011/142143.325:ERROR:process_info.cc(380)] UncheckedAllocate
[1011/142143.381:ERROR:http_transport_win.cc(170)] WinHttpCrackUrl: L’URL n’utilise pas un protocole reconnu  (0x2ee6)
[1011/154442.965:ERROR:process_info.cc(632)] range at 0x9cf535aa00000000, size 0x16a fully unreadable
[1011/154442.970:ERROR:process_info.cc(632)] range at 0x9cf535ca00000000, size 0x16a fully unreadable
[1011/154442.970:ERROR:process_info.cc(632)] range at 0x0, size 0x16a fully unreadable
[1011/154443.083:ERROR:process_info.cc(380)] UncheckedAllocate
[1011/154443.268:ERROR:http_transport_win.cc(170)] WinHttpCrackUrl: L’URL n’utilise pas un protocole reconnu  (0x2ee6)
[1011/155219.132:ERROR:process_info.cc(632)] range at 0xbbcb365c00000000, size 0x1ab fully unreadable
[1011/155219.137:ERROR:process_info.cc(632)] range at 0xbbcb367c00000000, size 0x1ab fully unreadable
[1011/155219.137:ERROR:process_info.cc(632)] range at 0x0, size 0x1ab fully unreadable
[1011/155336.754:ERROR:process_info.cc(632)] range at 0x76e3363000000000, size 0x244 fully unreadable
[1011/155336.755:ERROR:process_info.cc(632)] range at 0x76e3365000000000, size 0x244 fully unreadable
[1011/155336.755:ERROR:process_info.cc(632)] range at 0x0, size 0x244 fully unreadable
[1011/155336.777:ERROR:process_info.cc(380)] UncheckedAllocate
[1011/155336.798:ERROR:http_transport_win.cc(170)] WinHttpCrackUrl: L’URL n’utilise pas un protocole reconnu  (0x2ee6)
[1011/155338.879:ERROR:process_info.cc(632)] range at 0xe58a363000000000, size 0x14d fully unreadable
[1011/155338.879:ERROR:process_info.cc(632)] range at 0xe58a365000000000, size 0x14d fully unreadable
[1011/155338.879:ERROR:process_info.cc(632)] range at 0x0, size 0x14d fully unreadable
[1011/161812.544:ERROR:process_info.cc(632)] range at 0x919d271a00000000, size 0x2bb fully unreadable
[1011/161812.546:ERROR:process_info.cc(632)] range at 0x919d273a00000000, size 0x2bb fully unreadable
[1011/161812.546:ERROR:process_info.cc(632)] range at 0x0, size 0x2bb fully unreadable
[1011/161812.644:ERROR:process_info.cc(632)] range at 0x24c72acc00000000, size 0x23c fully unreadable
[1011/161812.644:ERROR:process_info.cc(632)] range at 0x24c72aec00000000, size 0x23c fully unreadable
[1011/161812.644:ERROR:process_info.cc(632)] range at 0x0, size 0x23c fully unreadable
[1011/161812.651:ERROR:process_info.cc(380)] UncheckedAllocate
[1011/161812.670:ERROR:http_transport_win.cc(170)] WinHttpCrackUrl: L’URL n’utilise pas un protocole reconnu  (0x2ee6)
[1011/162819.027:ERROR:process_info.cc(632)] range at 0x95d635ac00000000, size 0x2aa fully unreadable
[1011/162819.041:ERROR:process_info.cc(632)] range at 0x95d635cc00000000, size 0x2aa fully unreadable
[1011/162819.041:ERROR:process_info.cc(632)] range at 0x0, size 0x2aa fully unreadable
[1011/163158.113:ERROR:process_info.cc(632)] range at 0xa77635bc00000000, size 0x293 fully unreadable
[1011/163158.113:ERROR:process_info.cc(632)] range at 0xa77635dc00000000, size 0x293 fully unreadable
[1011/163158.113:ERROR:process_info.cc(632)] range at 0x0, size 0x293 fully unreadable
[1011/163158.177:ERROR:http_transport_win.cc(170)] WinHttpCrackUrl: L’URL n’utilise pas un protocole reconnu  (0x2ee6)
[1011/163203.687:ERROR:process_info.cc(632)] range at 0x201a35ba00000000, size 0x1aa fully unreadable
[1011/163203.687:ERROR:process_info.cc(632)] range at 0x201a35da00000000, size 0x1aa fully unreadable
[1011/163203.688:ERROR:process_info.cc(632)] range at 0x0, size 0x1aa fully unreadable
[1011/163203.710:ERROR:process_info.cc(380)] UncheckedAllocate
[1011/163203.737:ERROR:http_transport_win.cc(170)] WinHttpCrackUrl: L’URL n’utilise pas un protocole reconnu  (0x2ee6)
[1011/172534.405:ERROR:process_info.cc(632)] range at 0x9785364200000000, size 0x179 fully unreadable
[1011/172534.408:ERROR:process_info.cc(632)] range at 0x9785366200000000, size 0x179 fully unreadable
[1011/172534.408:ERROR:process_info.cc(632)] range at 0x0, size 0x179 fully unreadable
[1011/172534.502:ERROR:process_info.cc(380)] UncheckedAllocate
[1011/172534.574:ERROR:http_transport_win.cc(170)] WinHttpCrackUrl: L’URL n’utilise pas un protocole reconnu  (0x2ee6)
[1011/172534.926:ERROR:process_info.cc(632)] range at 0xad47272a00000000, size 0x23c fully unreadable
[1011/172534.926:ERROR:process_info.cc(632)] range at 0xad47274a00000000, size 0x23c fully unreadable
[1011/172534.926:ERROR:process_info.cc(632)] range at 0x0, size 0x23c fully unreadable
[1011/172536.008:ERROR:http_transport_win.cc(170)] WinHttpCrackUrl: L’URL n’utilise pas un protocole reconnu  (0x2ee6)
[1011/180839.651:ERROR:process_info.cc(632)] range at 0xa233366c00000000, size 0x1da fully unreadable
[1011/180839.652:ERROR:process_info.cc(632)] range at 0xa233368c00000000, size 0x1da fully unreadable
[1011/180839.652:ERROR:process_info.cc(632)] range at 0x0, size 0x1da fully unreadable
[1011/180839.748:ERROR:http_transport_win.cc(170)] WinHttpCrackUrl: L’URL n’utilise pas un protocole reconnu  (0x2ee6)
[1011/180921.867:ERROR:process_info.cc(632)] range at 0x4030366e00000000, size 0x284 fully unreadable
[1011/180921.868:ERROR:process_info.cc(632)] range at 0x4030368e00000000, size 0x284 fully unreadable
[1011/180921.868:ERROR:process_info.cc(632)] range at 0x0, size 0x284 fully unreadable
[1011/180921.938:ERROR:http_transport_win.cc(170)] WinHttpCrackUrl: L’URL n’utilise pas un protocole reconnu  (0x2ee6)
[1011/181001.704:ERROR:process_info.cc(632)] range at 0xc66c366e00000000, size 0x22a fully unreadable
[1011/181001.705:ERROR:process_info.cc(632)] range at 0xc66c368e00000000, size 0x22a fully unreadable
[1011/181001.705:ERROR:process_info.cc(632)] range at 0x0, size 0x22a fully unreadable
[1011/181001.765:ERROR:http_transport_win.cc(170)] WinHttpCrackUrl: L’URL n’utilise pas un protocole reconnu  (0x2ee6)
[1011/181302.507:ERROR:process_info.cc(632)] range at 0xd21d366c00000000, size 0x1eb fully unreadable
[1011/181302.507:ERROR:process_info.cc(632)] range at 0xd21d368c00000000, size 0x1eb fully unreadable
[1011/181302.507:ERROR:process_info.cc(632)] range at 0x0, size 0x1eb fully unreadable
[1011/181302.572:ERROR:http_transport_win.cc(170)] WinHttpCrackUrl: L’URL n’utilise pas un protocole reconnu  (0x2ee6)
[1012/124713.926:ERROR:process_info.cc(632)] range at 0x2c935ae00000000, size 0x252 fully unreadable
[1012/124713.927:ERROR:process_info.cc(632)] range at 0x2c935ce00000000, size 0x252 fully unreadable
[1012/124713.927:ERROR:process_info.cc(632)] range at 0x0, size 0x252 fully unreadable
[1012/124714.009:ERROR:http_transport_win.cc(170)] WinHttpCrackUrl: L’URL n’utilise pas un protocole reconnu  (0x2ee6)
[1012/124854.600:ERROR:process_info.cc(632)] range at 0xcf5235ac00000000, size 0x1e8 fully unreadable
[1012/124854.600:ERROR:process_info.cc(632)] range at 0xcf5235cc00000000, size 0x1e8 fully unreadable
[1012/124854.600:ERROR:process_info.cc(632)] range at 0x0, size 0x1e8 fully unreadable
[1012/124854.663:ERROR:http_transport_win.cc(170)] WinHttpCrackUrl: L’URL n’utilise pas un protocole reconnu  (0x2ee6)
[0514/120420.941:ERROR:process_info.cc(632)] range at 0x5d4e39e600000000, size 0x224 fully unreadable
[0514/120420.942:ERROR:process_info.cc(632)] range at 0x5d4e3a0600000000, size 0x224 fully unreadable
[0514/120420.942:ERROR:process_info.cc(632)] range at 0x0, size 0x224 fully unreadable
[0514/120421.090:ERROR:http_transport_win.cc(170)] WinHttpCrackUrl: L’URL n’utilise pas un protocole reconnu  (0x2ee6)
[0514/120441.233:ERROR:process_info.cc(632)] range at 0xdbcd39e400000000, size 0x2c6 fully unreadable
[0514/120441.233:ERROR:process_info.cc(632)] range at 0xdbcd3a0400000000, size 0x2c6 fully unreadable
[0514/120441.233:ERROR:process_info.cc(632)] range at 0x0, size 0x2c6 fully unreadable
[0514/120441.336:ERROR:http_transport_win.cc(170)] WinHttpCrackUrl: L’URL n’utilise pas un protocole reconnu  (0x2ee6)
[0514/120449.112:ERROR:registration_protocol_win.cc(56)] CreateFile: Le fichier spécifié est introuvable. (0x2)
[0515/181416.045:ERROR:process_info.cc(632)] range at 0x6ae639e200000000, size 0x272 fully unreadable
[0515/181416.046:ERROR:process_info.cc(632)] range at 0x6ae63a0200000000, size 0x272 fully unreadable
[0515/181416.047:ERROR:process_info.cc(632)] range at 0x0, size 0x272 fully unreadable
[0515/181416.803:ERROR:http_transport_win.cc(170)] WinHttpCrackUrl: L’URL n’utilise pas un protocole reconnu  (0x2ee6)
[0515/181440.880:ERROR:process_info.cc(632)] range at 0xf0772aa000000000, size 0x1ea fully unreadable
[0515/181440.881:ERROR:process_info.cc(632)] range at 0xf0772ac000000000, size 0x1ea fully unreadable
[0515/181440.881:ERROR:process_info.cc(632)] range at 0x0, size 0x1ea fully unreadable
[0515/181441.334:ERROR:http_transport_win.cc(170)] WinHttpCrackUrl: L’URL n’utilise pas un protocole reconnu  (0x2ee6)
[0520/235312.033:ERROR:process_info.cc(632)] range at 0x44fc3f2800000000, size 0x16d fully unreadable
[0520/235312.058:ERROR:process_info.cc(632)] range at 0x44fc3f4800000000, size 0x16d fully unreadable
[0520/235312.058:ERROR:process_info.cc(632)] range at 0x0, size 0x16d fully unreadable
[0520/235312.348:ERROR:http_transport_win.cc(170)] WinHttpCrackUrl: L’URL n’utilise pas un protocole reconnu  (0x2ee6)
[0520/235558.917:ERROR:process_info.cc(632)] range at 0x8dac3f2800000000, size 0x1f1 fully unreadable
[0520/235558.935:ERROR:process_info.cc(632)] range at 0x8dac3f4800000000, size 0x1f1 fully unreadable
[0520/235558.936:ERROR:process_info.cc(632)] range at 0x0, size 0x1f1 fully unreadable
[0520/235559.237:ERROR:http_transport_win.cc(170)] WinHttpCrackUrl: L’URL n’utilise pas un protocole reconnu  (0x2ee6)
[0521/004219.617:ERROR:process_info.cc(632)] range at 0x20ff3f2800000000, size 0x14f fully unreadable
[0521/004219.636:ERROR:process_info.cc(632)] range at 0x20ff3f4800000000, size 0x14f fully unreadable
[0521/004219.636:ERROR:process_info.cc(632)] range at 0x0, size 0x14f fully unreadable
[0521/004219.872:ERROR:http_transport_win.cc(170)] WinHttpCrackUrl: L’URL n’utilise pas un protocole reconnu  (0x2ee6)
[0521/004313.322:ERROR:process_info.cc(632)] range at 0xd8f23f2800000000, size 0x1d0 fully unreadable
[0521/004313.323:ERROR:process_info.cc(632)] range at 0xd8f23f4800000000, size 0x1d0 fully unreadable
[0521/004313.323:ERROR:process_info.cc(632)] range at 0x0, size 0x1d0 fully unreadable
[0521/004313.454:ERROR:http_transport_win.cc(170)] WinHttpCrackUrl: L’URL n’utilise pas un protocole reconnu  (0x2ee6)
[0521/004624.354:ERROR:process_info.cc(632)] range at 0x8bbc3f2600000000, size 0x1df fully unreadable
[0521/004624.354:ERROR:process_info.cc(632)] range at 0x8bbc3f4600000000, size 0x1df fully unreadable
[0521/004624.354:ERROR:process_info.cc(632)] range at 0x0, size 0x1df fully unreadable
[0521/004624.536:ERROR:http_transport_win.cc(170)] WinHttpCrackUrl: L’URL n’utilise pas un protocole reconnu  (0x2ee6)
